<?xml version="1.0" encoding="UTF-8" ?>
<testsuite 
errors="0" failures="0" hostname="sbiswas-M5520" name="org.scalatest.tools.DiscoverySuite" tests="0" time="0.099" timestamp="2019-08-01T19:11:05">
  <properties>
    <property name="java.runtime.name" value="OpenJDK Runtime Environment">
    </property>
    <property 
    name="sun.boot.library.path" value="/usr/lib/jvm/java-8-openjdk-amd64/jre/lib/amd64">
</property>
    <property name="java.vm.version" value="25.191-b12"> </property>
    <property name="java.vm.vendor" value="Oracle Corporation"> </property>
    <property name="java.vendor.url" value="http://java.oracle.com/">
    </property>
    <property name="path.separator" value=":"> </property>
    <property name="java.vm.name" value="OpenJDK 64-Bit Server VM"> </property>
    <property name="file.encoding.pkg" value="sun.io"> </property>
    <property name="user.country" value="US"> </property>
    <property name="sun.java.launcher" value="SUN_STANDARD"> </property>
    <property name="sun.os.patch.level" value="unknown"> </property>
    <property 
    name="java.vm.specification.name" value="Java Virtual Machine Specification">
</property>
    <property 
    name="user.dir" value="/mnt/c/workspaces/optum/gatling-ddac-optum">
</property>
    <property 
    name="java.runtime.version" value="1.8.0_191-8u191-b12-2ubuntu0.18.04.1-b12">
</property>
    <property 
    name="java.awt.graphicsenv" value="sun.awt.X11GraphicsEnvironment">
</property>
    <property 
    name="java.endorsed.dirs" value="/usr/lib/jvm/java-8-openjdk-amd64/jre/lib/endorsed">
</property>
    <property name="os.arch" value="amd64"> </property>
    <property name="java.io.tmpdir" value="/tmp"> </property>
    <property name="line.separator" value=" "> </property>
    <property name="java.vm.specification.vendor" value="Oracle Corporation">
    </property>
    <property name="user.variant" value=""> </property>
    <property name="os.name" value="Linux"> </property>
    <property name="sun.jnu.encoding" value="UTF-8"> </property>
    <property 
    name="java.library.path" value="/usr/java/packages/lib/amd64:/usr/lib/x86_64-linux-gnu/jni:/lib/x86_64-linux-gnu:/usr/lib/x86_64-linux-gnu:/usr/lib/jni:/lib:/usr/lib">
</property>
    <property 
    name="java.specification.name" value="Java Platform API Specification">
</property>
    <property name="java.class.version" value="52.0"> </property>
    <property 
    name="sun.management.compiler" value="HotSpot 64-Bit Tiered Compilers">
</property>
    <property name="os.version" value="4.4.0-17763-Microsoft"> </property>
    <property name="user.home" value="/home/sourav11b"> </property>
    <property name="user.timezone" value=""> </property>
    <property name="java.awt.printerjob" value="sun.print.PSPrinterJob">
    </property>
    <property name="file.encoding" value="UTF-8"> </property>
    <property name="java.specification.version" value="1.8"> </property>
    <property name="user.name" value="sourav11b"> </property>
    <property 
    name="java.class.path" value="/mnt/c/workspaces/optum/gatling-ddac-optum/build/classes/java/test:/mnt/c/workspaces/optum/gatling-ddac-optum/build/classes/scala/test:/mnt/c/workspaces/optum/gatling-ddac-optum/build/resources/test:/mnt/c/workspaces/optum/gatling-ddac-optum/build/classes/java/main:/mnt/c/workspaces/optum/gatling-ddac-optum/build/classes/scala/main:/mnt/c/workspaces/optum/gatling-ddac-optum/build/resources/main:/mnt/c/workspaces/optum/gatling-ddac-optum/lib/gatling-dse-plugin-1.1.1.jar:/mnt/c/workspaces/optum/gatling-ddac-optum/lib/gatling-dse-stress-1.2.1.jar:/mnt/c/workspaces/optum/gatling-ddac-optum/lib/javafaker-0.14-SNAPSHOT-2017.10.06.jar:/home/sourav11b/.gradle/caches/modules-2/files-2.1/io.gatling.highcharts/gatling-charts-highcharts/2.3.0/5fa92e718c2473207aa93903df0b4a03ef7bf9c6/gatling-charts-highcharts-2.3.0.jar:/home/sourav11b/.gradle/caches/modules-2/files-2.1/org.scalatest/scalatest_2.12/3.0.1/3a9dcb5a4308c4fd0f7424b5676f6fbf21c85131/scalatest_2.12-3.0.1.jar:/home/sourav11b/.gradle/caches/modules-2/files-2.1/io.gatling/gatling-app/2.3.0/41e96ca0911d7272ffcceaad133cb1e2918683bc/gatling-app-2.3.0.jar:/home/sourav11b/.gradle/caches/modules-2/files-2.1/io.gatling/gatling-charts/2.3.0/162f4696d1a57c9eeb466a867c72d19d873a693e/gatling-charts-2.3.0.jar:/home/sourav11b/.gradle/caches/modules-2/files-2.1/org.scalactic/scalactic_2.12/3.0.1/1d893666e3561505729e33a3ee124e22fbfed774/scalactic_2.12-3.0.1.jar:/home/sourav11b/.gradle/caches/modules-2/files-2.1/io.gatling/gatling-http/2.3.0/8b7bd3cc1928b8076e65d077e24d634eebde2c75/gatling-http-2.3.0.jar:/home/sourav11b/.gradle/caches/modules-2/files-2.1/io.gatling/gatling-metrics/2.3.0/54bd3e70e3d4316b76390ad73f8dc4e228894498/gatling-metrics-2.3.0.jar:/home/sourav11b/.gradle/caches/modules-2/files-2.1/io.gatling/gatling-core/2.3.0/dd80c883fc7c4f4e6d961ac0eb3668ce045d06ef/gatling-core-2.3.0.jar:/home/sourav11b/.gradle/caches/modules-2/files-2.1/io.gatling/jsonpath_2.12/0.6.9/a95b4587535e269fc5c95dea247c33e4c803d152/jsonpath_2.12-0.6.9.jar:/home/sourav11b/.gradle/caches/modules-2/files-2.1/org.scala-lang.modules/scala-parser-combinators_2.12/1.0.6/2785fb31169d9a89298eb05f748d90205bc2592e/scala-parser-combinators_2.12-1.0.6.jar:/home/sourav11b/.gradle/caches/modules-2/files-2.1/io.gatling/gatling-commons/2.3.0/fc017fa7bba948954a25219cdd1262b166a6e921/gatling-commons-2.3.0.jar:/home/sourav11b/.gradle/caches/modules-2/files-2.1/com.typesafe.akka/akka-slf4j_2.12/2.5.4/b5d88662d8e71aa0a8978c5f68533495c2c96296/akka-slf4j_2.12-2.5.4.jar:/home/sourav11b/.gradle/caches/modules-2/files-2.1/com.typesafe.akka/akka-actor_2.12/2.5.4/437cfe40519a36b8c4890cb6b2ef3800d0549812/akka-actor_2.12-2.5.4.jar:/home/sourav11b/.gradle/caches/modules-2/files-2.1/io.suzaku/boopickle_2.12/1.2.6/85281da7833655a0fb7c91274c7a97cbe61b990c/boopickle_2.12-1.2.6.jar:/home/sourav11b/.gradle/caches/modules-2/files-2.1/org.scala-lang.modules/scala-java8-compat_2.12/0.8.0/1e6f1e745bf6d3c34d1e2ab150653306069aaf34/scala-java8-compat_2.12-0.8.0.jar:/home/sourav11b/.gradle/caches/modules-2/files-2.1/com.github.scopt/scopt_2.12/3.7.0/e078455e1a65597146f8608dab3247bf1eb92e6e/scopt_2.12-3.7.0.jar:/home/sourav11b/.gradle/caches/modules-2/files-2.1/org.scala-lang.modules/scala-xml_2.12/1.0.6/e22de3366a698a9f744106fb6dda4335838cf6a7/scala-xml_2.12-1.0.6.jar:/home/sourav11b/.gradle/caches/modules-2/files-2.1/com.dongxiguo/fastring_2.12/0.3.1/17f2d89723f1be0adec828aac747e4f4645499c7/fastring_2.12-0.3.1.jar:/home/sourav11b/.gradle/caches/modules-2/files-2.1/com.softwaremill.quicklens/quicklens_2.12/1.4.8/68e8e450ed5ba00f8997b70f63cb80c767747302/quicklens_2.12-1.4.8.jar:/home/sourav11b/.gradle/caches/modules-2/files-2.1/com.typesafe.scala-logging/scala-logging_2.12/3.7.2/a1dc97509765287faa4747f7cb411f0b85dc9a34/scala-logging_2.12-3.7.2.jar:/home/sourav11b/.gradle/caches/modules-2/files-2.1/org.scala-lang/scala-reflect/2.12.3/a017f8f606e5f433df4f8d5efc20ce39c2fe8330/scala-reflect-2.12.3.jar:/home/sourav11b/.gradle/caches/modules-2/files-2.1/org.scala-lang/scala-library/2.12.4/7663f74ef944453c86cc7e6597ed33e9281f6412/scala-library-2.12.4.jar:/home/sourav11b/.gradle/caches/modules-2/files-2.1/com.mashape.unirest/unirest-java/1.4.9/778cffcba803dc7d43932266aef4c91f5b6b4dd0/unirest-java-1.4.9.jar:/home/sourav11b/.gradle/caches/modules-2/files-2.1/org.pegdown/pegdown/1.6.0/231ae49d913467deb2027d0b8a0b68b231deef4f/pegdown-1.6.0.jar:/home/sourav11b/.gradle/caches/modules-2/files-2.1/org.apache.httpcomponents/httpasyncclient/4.1.1/dd624f5a0ff43eb5cdf828d9739d3177ee00a5a9/httpasyncclient-4.1.1.jar:/home/sourav11b/.gradle/caches/modules-2/files-2.1/org.apache.httpcomponents/httpmime/4.5.2/22b4c53dd9b6761024258de8f9240c3dce6ea368/httpmime-4.5.2.jar:/home/sourav11b/.gradle/caches/modules-2/files-2.1/org.apache.httpcomponents/httpclient/4.5.2/733db77aa8d9b2d68015189df76ab06304406e50/httpclient-4.5.2.jar:/home/sourav11b/.gradle/caches/modules-2/files-2.1/org.json/json/20160212/a742e3f85161835b95877478c5dd5b405cefaab9/json-20160212.jar:/home/sourav11b/.gradle/caches/modules-2/files-2.1/org.parboiled/parboiled-java/1.1.7/2298c64ce8ee8e2fb37e97e16d7be52f0c7cf61f/parboiled-java-1.1.7.jar:/home/sourav11b/.gradle/caches/modules-2/files-2.1/org.apache.httpcomponents/httpcore-nio/4.4.4/16badfc2d99db264c486ba8c57ae577301a58bd9/httpcore-nio-4.4.4.jar:/home/sourav11b/.gradle/caches/modules-2/files-2.1/org.apache.httpcomponents/httpcore/4.4.4/b31526a230871fbe285fbcbe2813f9c0839ae9b0/httpcore-4.4.4.jar:/home/sourav11b/.gradle/caches/modules-2/files-2.1/commons-logging/commons-logging/1.2/4bfc12adfe4842bf07b657f0369c4cb522955686/commons-logging-1.2.jar:/home/sourav11b/.gradle/caches/modules-2/files-2.1/commons-codec/commons-codec/1.9/9ce04e34240f674bc72680f8b843b1457383161a/commons-codec-1.9.jar:/home/sourav11b/.gradle/caches/modules-2/files-2.1/com.tdunning/t-digest/3.1/451ed219688aed5821a789428fd5e10426d11312/t-digest-3.1.jar:/home/sourav11b/.gradle/caches/modules-2/files-2.1/org.parboiled/parboiled-core/1.1.7/a60ff9a54cbeb30ec44c89e16ac4c35913cbad5a/parboiled-core-1.1.7.jar:/home/sourav11b/.gradle/caches/modules-2/files-2.1/org.ow2.asm/asm-analysis/5.0.3/c7126aded0e8e13fed5f913559a0dd7b770a10f3/asm-analysis-5.0.3.jar:/home/sourav11b/.gradle/caches/modules-2/files-2.1/org.ow2.asm/asm-util/5.0.3/1512e5571325854b05fb1efce1db75fcced54389/asm-util-5.0.3.jar:/home/sourav11b/.gradle/caches/modules-2/files-2.1/org.ow2.asm/asm-tree/5.0.3/287749b48ba7162fb67c93a026d690b29f410bed/asm-tree-5.0.3.jar:/home/sourav11b/.gradle/caches/modules-2/files-2.1/org.ow2.asm/asm/5.0.3/dcc2193db20e19e1feca8b1240dbbc4e190824fa/asm-5.0.3.jar:/home/sourav11b/.gradle/caches/modules-2/files-2.1/com.fasterxml.jackson.dataformat/jackson-dataformat-csv/2.9.0/1bed4e5c47bb6d2c8ccde5ccc146d55ff43bc3/jackson-dataformat-csv-2.9.0.jar:/home/sourav11b/.gradle/caches/modules-2/files-2.1/com.github.ben-manes.caffeine/caffeine/2.5.5/3b7a61b4dd2a3b4e0aa5b500aaefaa5cd4beb76f/caffeine-2.5.5.jar:/home/sourav11b/.gradle/caches/modules-2/files-2.1/com.google.code.findbugs/jsr305/3.0.2/25ea2e8b0c338a877313bd4672d3fe056ea78f0d/jsr305-3.0.2.jar:/home/sourav11b/.gradle/caches/modules-2/files-2.1/com.fasterxml.jackson.core/jackson-databind/2.9.0/14fb5f088cc0b0dc90a73ba745bcade4961a3ee3/jackson-databind-2.9.0.jar:/home/sourav11b/.gradle/caches/modules-2/files-2.1/io.advantageous.boon/boon-json/0.6.6/d82b71ff8fa91831dbfdf46457c84fd139ec7777/boon-json-0.6.6.jar:/home/sourav11b/.gradle/caches/modules-2/files-2.1/net.sf.saxon/Saxon-HE/9.8.0-4/ffa5fd5228d56b6da4fb1a0cf943ec537d589379/Saxon-HE-9.8.0-4.jar:/home/sourav11b/.gradle/caches/modules-2/files-2.1/org.jodd/jodd-lagarto/3.8.6/997cd23a7c05cc9c9a55474ba45a0a8078a5d652/jodd-lagarto-3.8.6.jar:/home/sourav11b/.gradle/caches/modules-2/files-2.1/org.asynchttpclient/async-http-client/2.0.35/c3cc60e3c58259c7b2cde0d0f4df4d07473879dc/async-http-client-2.0.35.jar:/home/sourav11b/.gradle/caches/modules-2/files-2.1/io.netty/netty-transport-native-epoll/4.0.51.Final/31e01b634255d265f0a9282bdc96dfd6d1f6b78f/netty-transport-native-epoll-4.0.51.Final-linux-x86_64.jar:/home/sourav11b/.gradle/caches/modules-2/files-2.1/org.hdrhistogram/HdrHistogram/2.1.9/e4631ce165eb400edecfa32e03d3f1be53dee754/HdrHistogram-2.1.9.jar:/home/sourav11b/.gradle/caches/modules-2/files-2.1/com.typesafe/config/1.3.1/2cf7a6cc79732e3bdf1647d7404279900ca63eb0/config-1.3.1.jar:/home/sourav11b/.gradle/caches/modules-2/files-2.1/org.asynchttpclient/async-http-client-netty-utils/2.0.35/5e508dbcd0d7cdc1ab37be965574522b55a26f3c/async-http-client-netty-utils-2.0.35.jar:/home/sourav11b/.m2/repository/ch/qos/logback/logback-classic/1.2.3/logback-classic-1.2.3.jar:/home/sourav11b/.gradle/caches/modules-2/files-2.1/org.asynchttpclient/netty-resolver-dns/2.0.35/76bc0397d33b7f83b38ac206a3a3cbe2acfa06d4/netty-resolver-dns-2.0.35.jar:/home/sourav11b/.gradle/caches/modules-2/files-2.1/org.asynchttpclient/netty-resolver/2.0.35/a98648d3bcd8278e75fbba3bd7b319757a2f7570/netty-resolver-2.0.35.jar:/home/sourav11b/.gradle/caches/modules-2/files-2.1/org.asynchttpclient/netty-codec-dns/2.0.35/f02494146cdc7a6f0924afd983fa7def602a82d4/netty-codec-dns-2.0.35.jar:/home/sourav11b/.m2/repository/org/slf4j/slf4j-api/1.7.25/slf4j-api-1.7.25.jar:/home/sourav11b/.gradle/caches/modules-2/files-2.1/com.fasterxml.jackson.core/jackson-annotations/2.9.0/7c10d545325e3a6e72e06381afe469fd40eb701/jackson-annotations-2.9.0.jar:/home/sourav11b/.gradle/caches/modules-2/files-2.1/com.fasterxml.jackson.core/jackson-core/2.9.0/88e7c6220be3b3497b3074d3fc7754213289b987/jackson-core-2.9.0.jar:/home/sourav11b/.gradle/caches/modules-2/files-2.1/io.advantageous.boon/boon-reflekt/0.6.6/2a1853eebbdae4ce74469254bb98f576636896d0/boon-reflekt-0.6.6.jar:/home/sourav11b/.gradle/caches/modules-2/files-2.1/org.jodd/jodd-core/3.8.6/b098f1eeb2bf7860c1d76e3c2b82c93c8b7c36ee/jodd-core-3.8.6.jar:/home/sourav11b/.gradle/caches/modules-2/files-2.1/org.jodd/jodd-log/3.8.6/a0135c64288a08c0d8574fed396086485e0122cb/jodd-log-3.8.6.jar:/home/sourav11b/.gradle/caches/modules-2/files-2.1/io.netty/netty-codec-http/4.0.51.Final/1c8074c311dd2f1273c722477b232cdb74dcd844/netty-codec-http-4.0.51.Final.jar:/home/sourav11b/.gradle/caches/modules-2/files-2.1/com.typesafe.netty/netty-reactive-streams/1.0.8/afe9907657050156b4b204abdcbb16d15c98ad41/netty-reactive-streams-1.0.8.jar:/home/sourav11b/.gradle/caches/modules-2/files-2.1/io.netty/netty-handler/4.0.51.Final/d1bb19203fef0a78babdbd0eb511add11d806df8/netty-handler-4.0.51.Final.jar:/home/sourav11b/.gradle/caches/modules-2/files-2.1/org.reactivestreams/reactive-streams/1.0.0/14b8c877d98005ba3941c9257cfe09f6ed0e0d74/reactive-streams-1.0.0.jar:/home/sourav11b/.gradle/caches/modules-2/files-2.1/io.netty/netty-codec/4.0.51.Final/d23fcf04e4e515df86801fb9cbc281c9b4810310/netty-codec-4.0.51.Final.jar:/home/sourav11b/.gradle/caches/modules-2/files-2.1/io.netty/netty-transport/4.0.51.Final/12d1c748d7751e2c8789f9fe424194e7de1aeb49/netty-transport-4.0.51.Final.jar:/home/sourav11b/.gradle/caches/modules-2/files-2.1/io.netty/netty-buffer/4.0.51.Final/902a6036401f3a659967097fcad6b267bd3163d2/netty-buffer-4.0.51.Final.jar:/home/sourav11b/.gradle/caches/modules-2/files-2.1/io.netty/netty-common/4.0.51.Final/2497dfa8a979b922503cf2587a8368f73aa3b1cc/netty-common-4.0.51.Final.jar:/home/sourav11b/.m2/repository/ch/qos/logback/logback-core/1.2.3/logback-core-1.2.3.jar">
</property>
    <property name="java.vm.specification.version" value="1.8"> </property>
    <property name="sun.arch.data.model" value="64"> </property>
    <property name="java.home" value="/usr/lib/jvm/java-8-openjdk-amd64/jre">
    </property>
    <property 
    name="sun.java.command" value="org.scalatest.tools.Runner -oDS -PS8 -R /mnt/c/workspaces/optum/gatling-ddac-optum/build/classes/java/test -R /mnt/c/workspaces/optum/gatling-ddac-optum/build/classes/scala/test -u /mnt/c/workspaces/optum/gatling-ddac-optum/build/test-results/test -h /mnt/c/workspaces/optum/gatling-ddac-optum/build/reports/tests/test">
</property>
    <property name="java.specification.vendor" value="Oracle Corporation">
    </property>
    <property name="user.language" value="en"> </property>
    <property name="awt.toolkit" value="sun.awt.X11.XToolkit"> </property>
    <property name="java.vm.info" value="mixed mode"> </property>
    <property name="java.version" value="1.8.0_191"> </property>
    <property 
    name="java.ext.dirs" value="/usr/lib/jvm/java-8-openjdk-amd64/jre/lib/ext:/usr/java/packages/lib/ext">
</property>
    <property 
    name="sun.boot.class.path" value="/usr/lib/jvm/java-8-openjdk-amd64/jre/lib/resources.jar:/usr/lib/jvm/java-8-openjdk-amd64/jre/lib/rt.jar:/usr/lib/jvm/java-8-openjdk-amd64/jre/lib/sunrsasign.jar:/usr/lib/jvm/java-8-openjdk-amd64/jre/lib/jsse.jar:/usr/lib/jvm/java-8-openjdk-amd64/jre/lib/jce.jar:/usr/lib/jvm/java-8-openjdk-amd64/jre/lib/charsets.jar:/usr/lib/jvm/java-8-openjdk-amd64/jre/lib/jfr.jar:/usr/lib/jvm/java-8-openjdk-amd64/jre/classes">
</property>
    <property name="java.vendor" value="Oracle Corporation"> </property>
    <property name="file.separator" value="/"> </property>
    <property 
    name="java.vendor.url.bug" value="http://bugreport.sun.com/bugreport/">
</property>
    <property name="sun.cpu.endian" value="little"> </property>
    <property name="sun.io.unicode.encoding" value="UnicodeLittle"> </property>
    <property name="sun.cpu.isalist" value=""> </property>
  </properties>
  <system-out><![CDATA[]]></system-out>
  <system-err><![CDATA[]]></system-err>
</testsuite>
